avlk_obj  fair_obj  fair_ratio  upper bound
128
0.16666666666666666
2
2
19.551305411741257 9.922098607627001 0.5074903388122834 51.49318290834281 85.0697646242572 63.74368741960192 0.7493107298597808
20.679310071358177 13.250542172094118 0.6407632617515003 51.49318290834281 83.9417599646401 69.85920747644194 0.832234247957985
22.312117773200708 22.689332909938553 1.0169062901411772 75.48080612953669 131.04571055347705 121.25617160355078 0.9252967616522529
23.228884489673206 13.538961796146321 0.5828502785902309 75.48080612953669 130.1289438370051 108.99691128301112 0.8376069771190703
18.071378900223973 17.833206079885382 0.9868204401195064 73.76793670676459 131.80633377383825 121.89656145008603 0.924815659156744
19.363395542829174 11.531786703811745 0.5955456871345222 73.76793670676459 130.51431713123188 113.18336367777668 0.8672103273081607
20.722472773272393 15.171509793540622 0.7321283497164808 58.764287448839916 98.67163505929084 74.62459064669545 0.7562922272632278
21.928814726739247 8.331558357128898 0.3799365565786682 58.764287448839916 97.46529310582464 60.18615395619661 0.6175137019374521
19.15335677141529 3.935186248567394 0.20545674032659986 51.352796676113876 85.18248409433983 30.599547927256936 0.359223474785824
19.836834927716275 8.111837039545026 0.40892799023149934 51.352796676113876 84.4990059380394 51.39470009527709 0.6082284581307771
0.3333333333333333
2
2
20.385277823987757 9.647553058333575 0.47326080819860644 96.51220046417441 175.7030024841748 135.32403218020673 0.7701862248620087
20.801333426449403 7.508168666961524 0.36094650823752983 96.51220046417441 175.28694688171333 125.07408658457275 0.7135390786912098
17.97569429255704 5.1072400351602125 0.28411920852898015 41.70480137300055 66.75787040179318 43.345092665386105 0.6492881274448474
18.96159496331265 4.059716371241235 0.21410205096649687 41.70480137300055 65.77196973103801 35.99846150200153 0.5473222354326684
18.292866244578452 10.579519840926295 0.5783412888650952 53.32769793396969 90.05547241491536 69.84277205912622 0.7755527808164445
19.547327243898305 6.6833970527799025 0.34190848546141384 53.32769793396969 88.80101141559612 61.0929421548554 0.6879757469082796
19.497188395557846 7.065338732717406 0.3623773125322594 41.64331881879626 65.11145936326659 42.14735366108111 0.647310843179458
20.82002988791263 5.484518011354533 0.2634250786805378 41.64331881879626 63.7886178709115 38.12515413908849 0.5976795768837952
18.992882509053132 12.30671415150114 0.6479645280612373 53.69805410339326 90.10792582799917 70.30230538681738 0.7802011281561694
19.526238119706058 12.138998484328264 0.6216762496651864 53.69805410339326 89.57457021734636 69.11335076637586 0.7715733449647283
0.5
2
2
17.855722356249466 6.385244496661011 0.3576021383658102 77.02384315418476 138.6371653220944 68.87689169899137 0.4968140508280759
19.139951127881897 5.4030111132321705 0.28228970268170633 77.02384315418476 137.35293655046195 62.72591505782449 0.4566769130180168
16.26078513110549 7.205946014982906 0.4431487137234566 52.756807386370845 90.92764892374389 68.02798443671541 0.7481551017971092
16.72130402464965 5.916169482017421 0.35381029334172265 52.756807386370845 90.46713003019978 64.28043391149586 0.7105391084036571
19.763411463003546 10.274679888099561 0.5198839232454084 46.89817757891631 75.5217747290808 53.76071873807961 0.7118571952385307
21.13650156705424 6.353304103646313 0.3005844691701155 46.89817757891631 74.14868462503033 44.63045557083746 0.6019048860614796
19.044094144109582 7.921780328273429 0.415970445657751 54.8493675946178 92.39589081003466 66.14935632008354 0.7159339635145267
20.01012607446798 7.032469765876543 0.3514455501032379 54.8493675946178 91.42985887967629 54.9558632451167 0.6010712902602183
18.856389827669783 9.613550307095055 0.5098298452118429 45.059532977911665 72.69313749253179 56.691191791997284 0.7798699264813204
19.97986494026057 6.04261232338129 0.30243509360291426 45.059532977911665 71.5696623799406 51.42728398755673 0.7185626182577978
0.6666666666666666
2
2
0.8333333333333334
2
2
16.912540040434134 5.376641056081695 0.3179085485224182 38.06931434244681 60.43463830612503 31.72838799692085 0.5250033571178863
19.038250091821965 7.433680920279869 0.3904603040944959 38.06931434244681 58.30892825473653 43.61273170019693 0.7479597551452886
19.05387044370807 7.725746108235108 0.40546859658040174 56.645450015341176 96.03529784143004 50.28016599522357 0.5235592237996111
19.583797743447676 6.863047882391457 0.35044519823473397 56.645450015341176 95.50537054169048 46.21526724134705 0.48390228716167255
19.75389693172014 11.77079795165158 0.5958721963740953 58.52802876511231 99.16019325771472 86.79676125887885 0.8753185971844201
