128 0.16666666666666666 1 2 0 0.16666666666666666 1 2 1 0.16666666666666666 1 2 2 0.16666666666666666 1 2 3 0.16666666666666666 1 2 4 
0.16666666666666666 1 4 0 0.16666666666666666 1 4 1 0.16666666666666666 1 4 2 0.16666666666666666 1 4 3 0.16666666666666666 1 4 4 
0.16666666666666666 1 8 0 0.16666666666666666 1 8 1 0.16666666666666666 1 8 2 0.16666666666666666 1 8 3 0.16666666666666666 1 8 4 
0.16666666666666666 1 16 0 0.16666666666666666 1 16 1 0.16666666666666666 1 16 2 0.16666666666666666 1 16 3 0.16666666666666666 1 16 4 

0.16666666666666666 2 2 0 0.16666666666666666 2 2 1 0.16666666666666666 2 2 2 0.16666666666666666 2 2 3 0.16666666666666666 2 2 4 
0.16666666666666666 2 4 0 0.16666666666666666 2 4 1 0.16666666666666666 2 4 2 0.16666666666666666 2 4 3 0.16666666666666666 2 4 4 
0.16666666666666666 2 8 0 0.16666666666666666 2 8 1 0.16666666666666666 2 8 2 0.16666666666666666 2 8 3 0.16666666666666666 2 8 4 
0.16666666666666666 2 16 0 0.16666666666666666 2 16 1 0.16666666666666666 2 16 2 0.16666666666666666 2 16 3 0.16666666666666666 2 16 4 

0.16666666666666666 4 2 0 0.16666666666666666 4 2 1 0.16666666666666666 4 2 2 0.16666666666666666 4 2 3 0.16666666666666666 4 2 4 
0.16666666666666666 4 4 0 0.16666666666666666 4 4 1 0.16666666666666666 4 4 2 0.16666666666666666 4 4 3 0.16666666666666666 4 4 4 
0.16666666666666666 4 8 0 0.16666666666666666 4 8 1 0.16666666666666666 4 8 2 0.16666666666666666 4 8 3 0.16666666666666666 4 8 4 
0.16666666666666666 4 16 0 0.16666666666666666 4 16 1 0.16666666666666666 4 16 2 0.16666666666666666 4 16 3 0.16666666666666666 4 16 4 

0.16666666666666666 8 2 0 0.16666666666666666 8 2 1 0.16666666666666666 8 2 2 0.16666666666666666 8 2 3 0.16666666666666666 8 2 4 
0.16666666666666666 8 4 0 0.16666666666666666 8 4 1 0.16666666666666666 8 4 2 0.16666666666666666 8 4 3 0.16666666666666666 8 4 4 
0.16666666666666666 8 8 0 0.16666666666666666 8 8 1 0.16666666666666666 8 8 2 0.16666666666666666 8 8 3 0.16666666666666666 8 8 4 
0.16666666666666666 8 16 0 0.16666666666666666 8 16 1 0.16666666666666666 8 16 2 0.16666666666666666 8 16 3 0.16666666666666666 8 16 4 


0.3333333333333333 1 2 0 0.3333333333333333 1 2 1 0.3333333333333333 1 2 2 0.3333333333333333 1 2 3 0.3333333333333333 1 2 4 
0.3333333333333333 1 4 0 0.3333333333333333 1 4 1 0.3333333333333333 1 4 2 0.3333333333333333 1 4 3 0.3333333333333333 1 4 4 
0.3333333333333333 1 8 0 0.3333333333333333 1 8 1 0.3333333333333333 1 8 2 0.3333333333333333 1 8 3 0.3333333333333333 1 8 4 
0.3333333333333333 1 16 0 0.3333333333333333 1 16 1 0.3333333333333333 1 16 2 0.3333333333333333 1 16 3 0.3333333333333333 1 16 4 

0.3333333333333333 2 2 0 0.3333333333333333 2 2 1 0.3333333333333333 2 2 2 0.3333333333333333 2 2 3 0.3333333333333333 2 2 4 
0.3333333333333333 2 4 0 0.3333333333333333 2 4 1 0.3333333333333333 2 4 2 0.3333333333333333 2 4 3 0.3333333333333333 2 4 4 
0.3333333333333333 2 8 0 0.3333333333333333 2 8 1 0.3333333333333333 2 8 2 0.3333333333333333 2 8 3 0.3333333333333333 2 8 4 
0.3333333333333333 2 16 0 0.3333333333333333 2 16 1 0.3333333333333333 2 16 2 0.3333333333333333 2 16 3 0.3333333333333333 2 16 4 

0.3333333333333333 4 2 0 0.3333333333333333 4 2 1 0.3333333333333333 4 2 2 0.3333333333333333 4 2 3 0.3333333333333333 4 2 4 
0.3333333333333333 4 4 0 0.3333333333333333 4 4 1 0.3333333333333333 4 4 2 0.3333333333333333 4 4 3 0.3333333333333333 4 4 4 
0.3333333333333333 4 8 0 0.3333333333333333 4 8 1 0.3333333333333333 4 8 2 0.3333333333333333 4 8 3 0.3333333333333333 4 8 4 
0.3333333333333333 4 16 0 0.3333333333333333 4 16 1 0.3333333333333333 4 16 2 0.3333333333333333 4 16 3 0.3333333333333333 4 16 4 

0.3333333333333333 8 2 0 0.3333333333333333 8 2 1 0.3333333333333333 8 2 2 0.3333333333333333 8 2 3 0.3333333333333333 8 2 4 
0.3333333333333333 8 4 0 0.3333333333333333 8 4 1 0.3333333333333333 8 4 2 0.3333333333333333 8 4 3 0.3333333333333333 8 4 4 
0.3333333333333333 8 8 0 0.3333333333333333 8 8 1 0.3333333333333333 8 8 2 0.3333333333333333 8 8 3 0.3333333333333333 8 8 4 
0.3333333333333333 8 16 0 0.3333333333333333 8 16 1 0.3333333333333333 8 16 2 0.3333333333333333 8 16 3 0.3333333333333333 8 16 4 


0.5 1 2 0 0.5 1 2 1 0.5 1 2 2 0.5 1 2 3 0.5 1 2 4 
0.5 1 4 0 0.5 1 4 1 0.5 1 4 2 0.5 1 4 3 0.5 1 4 4 
0.5 1 8 0 0.5 1 8 1 0.5 1 8 2 0.5 1 8 3 0.5 1 8 4 
0.5 1 16 0 0.5 1 16 1 0.5 1 16 2 0.5 1 16 3 0.5 1 16 4 

0.5 2 2 0 0.5 2 2 1 0.5 2 2 2 0.5 2 2 3 0.5 2 2 4 
0.5 2 4 0 0.5 2 4 1 0.5 2 4 2 0.5 2 4 3 0.5 2 4 4 
0.5 2 8 0 0.5 2 8 1 0.5 2 8 2 0.5 2 8 3 0.5 2 8 4 
0.5 2 16 0 0.5 2 16 1 0.5 2 16 2 0.5 2 16 3 0.5 2 16 4 

0.5 4 2 0 0.5 4 2 1 0.5 4 2 2 0.5 4 2 3 0.5 4 2 4 
0.5 4 4 0 0.5 4 4 1 0.5 4 4 2 0.5 4 4 3 0.5 4 4 4 
0.5 4 8 0 0.5 4 8 1 0.5 4 8 2 0.5 4 8 3 0.5 4 8 4 
0.5 4 16 0 0.5 4 16 1 0.5 4 16 2 0.5 4 16 3 0.5 4 16 4 

0.5 8 2 0 0.5 8 2 1 0.5 8 2 2 0.5 8 2 3 0.5 8 2 4 
0.5 8 4 0 0.5 8 4 1 0.5 8 4 2 0.5 8 4 3 0.5 8 4 4 
0.5 8 8 0 0.5 8 8 1 0.5 8 8 2 0.5 8 8 3 0.5 8 8 4 
0.5 8 16 0 0.5 8 16 1 0.5 8 16 2 0.5 8 16 3 0.5 8 16 4 


0.6666666666666666 1 2 0 0.6666666666666666 1 2 1 0.6666666666666666 1 2 2 0.6666666666666666 1 2 3 0.6666666666666666 1 2 4 
0.6666666666666666 1 4 0 0.6666666666666666 1 4 1 0.6666666666666666 1 4 2 0.6666666666666666 1 4 3 0.6666666666666666 1 4 4 
0.6666666666666666 1 8 0 0.6666666666666666 1 8 1 0.6666666666666666 1 8 2 0.6666666666666666 1 8 3 0.6666666666666666 1 8 4 
0.6666666666666666 1 16 0 0.6666666666666666 1 16 1 0.6666666666666666 1 16 2 0.6666666666666666 1 16 3 0.6666666666666666 1 16 4 

0.6666666666666666 2 2 0 0.6666666666666666 2 2 1 0.6666666666666666 2 2 2 0.6666666666666666 2 2 3 0.6666666666666666 2 2 4 
0.6666666666666666 2 4 0 0.6666666666666666 2 4 1 0.6666666666666666 2 4 2 0.6666666666666666 2 4 3 0.6666666666666666 2 4 4 
0.6666666666666666 2 8 0 0.6666666666666666 2 8 1 0.6666666666666666 2 8 2 0.6666666666666666 2 8 3 0.6666666666666666 2 8 4 
0.6666666666666666 2 16 0 0.6666666666666666 2 16 1 0.6666666666666666 2 16 2 0.6666666666666666 2 16 3 0.6666666666666666 2 16 4 

0.6666666666666666 4 2 0 0.6666666666666666 4 2 1 0.6666666666666666 4 2 2 0.6666666666666666 4 2 3 0.6666666666666666 4 2 4 
0.6666666666666666 4 4 0 0.6666666666666666 4 4 1 0.6666666666666666 4 4 2 0.6666666666666666 4 4 3 0.6666666666666666 4 4 4 
0.6666666666666666 4 8 0 0.6666666666666666 4 8 1 0.6666666666666666 4 8 2 0.6666666666666666 4 8 3 0.6666666666666666 4 8 4 
0.6666666666666666 4 16 0 0.6666666666666666 4 16 1 0.6666666666666666 4 16 2 0.6666666666666666 4 16 3 0.6666666666666666 4 16 4 

0.6666666666666666 8 2 0 0.6666666666666666 8 2 1 0.6666666666666666 8 2 2 0.6666666666666666 8 2 3 0.6666666666666666 8 2 4 
0.6666666666666666 8 4 0 0.6666666666666666 8 4 1 0.6666666666666666 8 4 2 0.6666666666666666 8 4 3 0.6666666666666666 8 4 4 
0.6666666666666666 8 8 0 0.6666666666666666 8 8 1 0.6666666666666666 8 8 2 0.6666666666666666 8 8 3 0.6666666666666666 8 8 4 
0.6666666666666666 8 16 0 0.6666666666666666 8 16 1 0.6666666666666666 8 16 2 0.6666666666666666 8 16 3 0.6666666666666666 8 16 4 


0.8333333333333334 1 2 0 0.8333333333333334 1 2 1 0.8333333333333334 1 2 2 0.8333333333333334 1 2 3 0.8333333333333334 1 2 4 
0.8333333333333334 1 4 0 0.8333333333333334 1 4 1 0.8333333333333334 1 4 2 0.8333333333333334 1 4 3 0.8333333333333334 1 4 4 
0.8333333333333334 1 8 0 0.8333333333333334 1 8 1 0.8333333333333334 1 8 2 0.8333333333333334 1 8 3 0.8333333333333334 1 8 4 
0.8333333333333334 1 16 0 0.8333333333333334 1 16 1 0.8333333333333334 1 16 2 0.8333333333333334 1 16 3 0.8333333333333334 1 16 4 

0.8333333333333334 2 2 0 0.8333333333333334 2 2 1 0.8333333333333334 2 2 2 0.8333333333333334 2 2 3 0.8333333333333334 2 2 4 
0.8333333333333334 2 4 0 0.8333333333333334 2 4 1 0.8333333333333334 2 4 2 0.8333333333333334 2 4 3 0.8333333333333334 2 4 4 
0.8333333333333334 2 8 0 0.8333333333333334 2 8 1 0.8333333333333334 2 8 2 0.8333333333333334 2 8 3 0.8333333333333334 2 8 4 
0.8333333333333334 2 16 0 0.8333333333333334 2 16 1 0.8333333333333334 2 16 2 0.8333333333333334 2 16 3 0.8333333333333334 2 16 4 

0.8333333333333334 4 2 0 0.8333333333333334 4 2 1 0.8333333333333334 4 2 2 0.8333333333333334 4 2 3 0.8333333333333334 4 2 4 
0.8333333333333334 4 4 0 0.8333333333333334 4 4 1 0.8333333333333334 4 4 2 0.8333333333333334 4 4 3 0.8333333333333334 4 4 4 
0.8333333333333334 4 8 0 0.8333333333333334 4 8 1 0.8333333333333334 4 8 2 0.8333333333333334 4 8 3 0.8333333333333334 4 8 4 
0.8333333333333334 4 16 0 0.8333333333333334 4 16 1 0.8333333333333334 4 16 2 0.8333333333333334 4 16 3 0.8333333333333334 4 16 4 

0.8333333333333334 8 2 0 0.8333333333333334 8 2 1 0.8333333333333334 8 2 2 0.8333333333333334 8 2 3 0.8333333333333334 8 2 4 
0.8333333333333334 8 4 0 0.8333333333333334 8 4 1 0.8333333333333334 8 4 2 0.8333333333333334 8 4 3 0.8333333333333334 8 4 4 
0.8333333333333334 8 8 0 0.8333333333333334 8 8 1 0.8333333333333334 8 8 2 0.8333333333333334 8 8 3 0.8333333333333334 8 8 4 
0.8333333333333334 8 16 0 0.8333333333333334 8 16 1 0.8333333333333334 8 16 2 0.8333333333333334 8 16 3 0.8333333333333334 8 16 4 



