avlk_obj  fair_obj  fair_ratio  upper bound
128
0.16666666666666666
1
2
19.551305411741257 6.657433165554581 0.34051092882813616 51.49318290834281 85.0697646242572 49.58982956969595 0.582931312772854
20.679310071358177 6.064930587224497 0.2932849580714355 51.49318290834281 83.9417599646401 53.70694348396498 0.6398119780498844
22.312117773200708 16.648330229675526 0.7461564338671604 75.48080612953669 131.04571055347705 107.7487246514092 0.8222224458650951
23.228884489673206 9.033832992205149 0.3889051579821361 75.48080612953669 130.1289438370051 88.70368231082824 0.6816598959101315
18.071378900223973 9.887272836493409 0.5471233208646225 73.76793670676459 131.80633377383825 106.786409249998 0.8101766143744576
19.363395542829174 7.063623384335883 0.36479259893814164 73.76793670676459 130.51431713123188 105.95281964678247 0.8118099376043713
20.722472773272393 9.411265523863158 0.4541574563438056 58.764287448839916 98.67163505929084 56.6640147619435 0.574268529429908
21.928814726739247 5.255787778140771 0.23967495934616306 58.764287448839916 97.46529310582464 49.17659488080596 0.504554937596213
19.15335677141529 2.6997214165416374 0.14095291226291654 51.352796676113876 85.18248409433983 24.88810175039301 0.2921739371069452
19.836834927716275 0.9847906959425803 0.049644547607069024 51.352796676113876 84.4990059380394 15.652117975359364 0.18523434449437895
20.385277823987757 11.178010581314565 0.5483374167293016 96.51220046417441 175.7030024841748 124.65862747496004 0.709484901865509
20.801333426449403 9.043085740613918 0.4347358678994787 96.51220046417441 175.28694688171333 121.98342746366474 0.6959070805539289
17.97569429255704 3.552094521132667 0.19760541447366717 41.70480137300055 66.75787040179318 29.228010445575347 0.43782119276216835
18.96159496331265 2.5401070128114767 0.13396061975409437 41.70480137300055 65.77196973103801 23.1266452339712 0.3516185592212492
18.292866244578452 6.98639937410249 0.38191933842915865 53.32769793396969 90.05547241491536 52.67343535844024 0.5848998838821954
19.547327243898305 2.3200362702320523 0.1186881582982784 53.32769793396969 88.80101141559612 28.991877984091662 0.32648139387069885
19.497188395557846 6.528002799653265 0.3348176499715506 41.64331881879626 65.11145936326659 34.97374820216608 0.5371366045881769
20.82002988791263 4.165557299521385 0.2000745110332315 41.64331881879626 63.7886178709115 28.931821007178645 0.45355773448058917
18.992882509053132 10.053598368593157 0.5293350476843637 53.69805410339326 90.10792582799917 57.80565570534661 0.6415157731594872
19.526238119706058 11.412310640799392 0.5844602821514291 53.69805410339326 89.57457021734636 65.27555526793715 0.7287286459711795
4
17.855722356249466 6.905647041798701 0.3867469993103773 77.02384315418476 138.6371653220944 111.35283539411184 0.8031961352888806
19.139951127881897 3.7097153451562668 0.19382052338431432 77.02384315418476 137.35293655046195 50.81172423263379 0.36993547796458015
16.26078513110549 6.331851945539268 0.3893939864826685 52.756807386370845 90.92764892374389 59.45342258634318 0.6538541718614495
16.72130402464965 5.866248168390805 0.3508248016867043 52.756807386370845 90.46713003019978 54.52005609602991 0.6026504441760228
19.763411463003546 9.245965117671387 0.4678324455764901 46.89817757891631 75.5217747290808 46.43836777018258 0.6149003772325385
21.13650156705424 5.219255161705213 0.24693089086419767 46.89817757891631 74.14868462503033 38.95516695962142 0.5253655834438276
19.044094144109582 5.682744813761209 0.298399323735695 54.8493675946178 92.39589081003466 55.18917767366036 0.5973120361719219
20.01012607446798 4.734860954241491 0.23662324448235036 54.8493675946178 91.42985887967629 41.20373430628706 0.450659498014889
18.856389827669783 5.874022296737149 0.31151362219493545 45.059532977911665 72.69313749253179 41.207383705571864 0.5668675906278684
19.97986494026057 1.8468173160038934 0.0924339239292079 45.059532977911665 71.5696623799406 24.71900830189761 0.3453838886464526
18.53715254068372 9.483479174874658 0.5115930914449318 43.232318949802114 69.2999399287557 48.871416940565716 0.7052158629691212
19.180316792525677 2.5999536257410325 0.13555321603208353 43.232318949802114 68.6567756769138 27.951913108177983 0.40712533952533053
19.950976745624256 11.99830419450962 0.6013893127884651 49.70365582237199 81.0342287347507 58.73996293619638 0.7248784106833406
20.460491342200815 7.951754765912413 0.3886394824503315 46.21442896989826 73.43549132679895 43.42600323630702 0.5913489846899068
21.577051465870763 8.08394598524247 0.37465480387944355 46.21442896989826 72.31893120312827 43.945121894213266 0.6076572366754274
19.33531103929528 8.566314165313985 0.4430398946210179 48.31191608453693 78.8222327515093 54.95841998248161 0.6972451561444668
20.251527687979536 3.4428342997366204 0.17000368331620452 48.31191608453693 77.90601610282545 44.75807155420055 0.5745136742087533
17.59254317331875 8.01899534233866 0.4558178577899102 48.80054119563756 81.55776274797704 57.58106015493906 0.7060156901663821
18.49757208938523 1.4224296012996767 0.07689817855154803 48.80054119563756 80.65273383191027 16.006957212632166 0.19846763342198093
8
16.912540040434134 2.3983698310581767 0.14181014947040516 38.06931434244681 60.43463830612503 24.86736539264157 0.4114753738853976
19.038250091821965 6.5882362660194564 0.34605261692877365 38.06931434244681 58.30892825473653 37.84603136951278 0.6490606585011016
19.05387044370807 4.37839068851974 0.22979009443016146 56.645450015341176 96.03529784143004 34.53614436342033 0.359619276866774
19.583797743447676 3.747137605452459 0.19133865936223593 56.645450015341176 95.50537054169048 35.7512059530706 0.3743371262819645
19.75389693172014 11.065186927980873 0.5601521039736099 58.52802876511231 99.16019325771472 76.47435275729897 0.7712202875456702
20.49901025116238 6.610120604882307 0.32246047608603373 58.52802876511231 98.41507993827241 70.0228579012565 0.7115053703677934
18.84170788885474 11.620864230936451 0.6167627849601911 48.87535196090409 80.46059450790214 59.62839648071701 0.741088191622308
19.794472857560734 6.563606427440111 0.3315878363961111 48.87535196090409 79.50782953919669 48.96486350607192 0.6158495809765836
20.59558732189257 4.597294587535277 0.22321745506371035 53.33123233203829 87.75993233685233 37.13222063535317 0.42311131796258844
22.45835158058735 8.287356739079327 0.3690100188048881 53.33123233203829 85.89716807815716 47.59169086833737 0.554054248040332
18.99320655700052 5.1409247999981655 0.2706717680645306 58.796963316508666 100.46729034003339 51.62182718375457 0.5138172534467641
19.742380237195388 3.616100379399392 0.1831643568786363 58.796963316508666 99.71811665983962 45.91030453990305 0.46040083866117504
19.41634604584133 9.675465869348251 0.4983154835881482 48.519717012870515 79.16339645649842 51.01131895821442 0.6443801206312058
21.015025031093305 2.8607832480821473 0.1361303754741859 48.519717012870515 77.56471747124709 34.371834887679974 0.44313749870128083
19.310781003086078 8.719634884789524 0.4515423215351067 57.857524617483136 98.24101504513368 69.17978469301495 0.7041843435883935
19.96962431594552 7.087555037729929 0.3549167939063629 57.857524617483136 97.58217173227429 58.323601893764724 0.5976870657662848
20.879184641882812 7.979854955006115 0.38219188593211845 63.37787365697331 107.88855866117349 59.0047393988467 0.5469045108309626
21.74541144299892 16.374705912363726 0.7530189049439979 63.37787365697331 107.02233186005746 84.98726101080754 0.794107729982346
20.985228701025935 11.01108054789298 0.5247062447956389 65.79932855610357 112.70229598439069 68.00513016520382 0.6034050111509934
21.286326479710247 5.153164574652567 0.2420880173741802 65.79932855610357 112.40119820570605 57.19694394125998 0.5088641834278629
16
22.8400507282395 13.49204850764761 0.5907188503292597 119.97058176999772 220.90970270921662 169.5914628077121 0.7676958536807471
23.96659574169896 12.579143435826694 0.524861501875317 119.97058176999772 219.78315769575633 191.72171003690462 0.8723221198882906
21.253633182346956 3.746895172341172 0.17629433707613357 61.80719965567073 104.32289945139765 46.38461885328149 0.444625476258847
22.45694039312364 8.997190804546358 0.40064187939427914 61.80719965567073 103.11959224062076 64.78076489388603 0.6282100567535764
18.05668093802166 1.530831303149477 0.08477921875033137 44.55231731336719 72.46231296850175 15.462737353682119 0.2133900605740191
19.89051056816049 7.187874530064519 0.36137204751146146 44.55231731336719 70.62848333836357 41.99797965281521 0.5946323305799064
21.859356830507384 7.963862202813072 0.3643228053123016 68.52730092815528 117.37071489653887 80.63175040348945 0.6869835501518887
22.377510756576793 6.548452284677148 0.29263542115615093 68.52730092815528 116.85256097046953 75.45183166070389 0.6457011385464778
19.383624899830775 13.29123451067301 0.6856939596880586 48.83971340690242 79.8462690062565 61.08470528873441 0.7650289243189059
20.089318800507247 5.786411728441564 0.2880342427686229 48.83971340690242 79.14057510557923 45.94871061495604 0.5805961171454358
19.412663316254612 12.724217622606279 0.6554596561694879 66.60490596245921 115.91159006778972 89.90924031792227 0.7756708390018614
19.968342921019428 8.070454112211662 0.40416243571800836 66.60490596245921 115.35591046302481 81.35555034805766 0.7052568873281501
20.510480627601407 15.843543713331366 0.7724608701763117 78.29972421833783 138.574673339816 115.48444232250915 0.8333733685903452
21.32833020426849 7.30094724587953 0.34231218177681694 78.29972421833783 137.75682376314734 99.54244189838097 0.7225953617334384
18.52858132956483 11.099430976894055 0.5990437572888232 41.204676118433795 65.18885586344346 43.352596057838674 0.6650307860695235
19.724161106079155 7.004364891559139 0.35511598459821614 41.204676118433795 63.993276086929924 36.05997402605225 0.5634962957212498
22.056660419611966 10.120928364391672 0.45886041548667617 63.04271912746453 106.03013399809402 73.74629015941792 0.6955219934056065
23.01876284876616 6.3862793655309 0.2774379929750749 63.04271912746453 105.06803156893972 66.61999709531095 0.6340653393853549
18.251790387117126 6.4710706680278 0.35454443267085467 55.480265259125375 94.47001839332779 54.38423766537995 0.5756772210941052
19.692581805432347 3.8488901062931045 0.19544873010157354 55.480265259125375 93.0292269750129 36.1164143488729 0.38822653399639184
2
2
21.150759008448524 10.336367585839286 0.48869960561275816 56.72878812449557 94.10773114925736 67.21153629488502 0.7141978185435768
22.53875695259258 15.234371093074964 0.6759188683350432 56.72878812449557 92.71973320511319 75.38105954862263 0.812999098928227
19.98764803512844 9.487226104838358 0.4746544509971602 54.9950784728224 91.74838441759071 64.0552718920657 0.6981623959776727
20.86748928552634 10.586471026657755 0.5073188672487071 54.9950784728224 90.86854316719212 61.49096967578581 0.676702492771855
19.77471108570902 20.53379542091684 1.0383866207661765 48.47403002111168 78.71220705242294 66.74225320896251 0.8479276049839595
20.949384795303466 6.548587709193556 0.3125909315800839 48.47403002111168 77.53753334282804 52.4841291019692 0.6768867519929147
19.37697611740293 18.236862417453956 0.9411614230702896 62.32683910396895 107.25533190335905 90.54808350777309 0.8442292042819857
20.380265167228583 3.5832354700224918 0.17581888364162826 62.32683910396895 106.25204285353274 39.93947757654022 0.37589373817119304
17.655960760366394 8.609575020993748 0.48762993630571955 68.04398588025518 120.59213753602485 75.10474771821438 0.622799705294038
18.322152272055277 7.056852055373228 0.38515409928866556 68.04398588025518 119.92594602433691 85.63988730169473 0.714106414339359
18.543097219876994 13.396254787970001 0.7224389016097099 46.14965317611409 75.22127748714887 57.59764723257341 0.765709506095714
19.77193534114051 5.353219781000703 0.27074839607946605 46.14965317611409 73.99243936588519 40.66243238402784 0.5495484772836883
19.991143021182697 16.988135871085834 0.849783119108554 55.43313841337517 92.6349159774209 71.35093284785704 0.7702380046984478
21.369456184223903 6.501508042012874 0.3042430273360275 55.43313841337517 91.25660281437894 61.13716206286411 0.6699478194166457
20.970292646349016 6.735782242433829 0.3212059247826733 57.9767423457117 96.82372354811264 48.332101434030086 0.499176231432717
21.572077409950907 1.8185926256574267 0.08430308268866746 57.9767423457117 96.22193878451068 22.09966176968851 0.22967383580973946
19.621946821054713 21.29689220141577 1.0853608153990004 74.19159438355652 131.11653065664729 121.83041747061327 0.9291766405080424
20.167199925354304 5.239780635108646 0.25981696291517237 74.19159438355652 130.57127755234833 67.31695384103644 0.5155571355579934
19.27752213306912 14.700039297420494 0.762548173771965 47.958187560360265 78.16133513242458 65.63104938124397 0.8396869023545821
20.05101409031853 14.92969597991106 0.744585581191115 47.958187560360265 77.3878431751753 60.089890437383225 0.7764771309282209
4
17.09935899278962 9.484788871200866 0.5546868087394602 48.068482878628 80.56359034791485 40.96955196061589 0.5085368189735385
18.528160204331826 10.831300270999643 0.5845858494070727 48.068482878628 79.13478913637344 48.491174960080635 0.6127668436256968
18.092897757806362 13.294069043035492 0.7347672672996581 44.897202417455794 73.12681509035855 59.201253560618895 0.8095696973465527
19.128139569360407 7.910241722874278 0.4135395234957905 44.897202417455794 72.09157327880416 42.33715289069061 0.5872690935313277
18.428655462474396 13.401992682162442 0.7272365968017815 52.54081963856723 88.32094634286787 72.10110569693451 0.8163534097226852
19.0840773031546 5.607314541190013 0.293821621664838 52.54081963856723 87.66552450218784 51.425091440690316 0.5866056438116323
19.344816142908645 10.242016251742221 0.5294450035647769 55.55409409889482 93.52699408976679 73.48004388822064 0.7856559980714747
20.173197931901036 10.788558123915491 0.5347966227434335 55.55409409889482 92.6986123007742 60.02874387395477 0.6475689590603874
21.615224615105365 23.853080212267912 1.103531452344875 96.06639957064951 173.56730149669121 165.53287883585725 0.9537100445098114
22.313818580883712 7.924977627084995 0.3551600815592512 96.06639957064951 172.8687075309126 81.97294082027011 0.47419189968555536
19.58484270234669 7.486749152374075 0.38227262103447984 55.27578329158359 92.72151065198145 49.9595341002534 0.5388127711569567
20.62779367955591 11.261784518160944 0.5459519662213044 55.27578329158359 91.6785596747726 73.2697542252528 0.7992027196454157
19.474001608110157 10.001031563274084 0.5135581153032794 46.518852171715494 75.0404916931528 51.714106429878555 0.689149354742265
21.214712318460165 12.530739446333397 0.5906627088895128 46.518852171715494 73.29978098280372 59.16096647129091 0.807109730452949
17.23527040795718 10.792000676826472 0.6261578972293942 45.38913038390318 74.98391513394076 58.47487511257837 0.7798322481311765
17.887805684132847 8.651676511077293 0.4836633773784592 45.38913038390318 74.33137985776504 53.34669769061672 0.7176874395806585
20.22896174317921 12.344100019927737 0.6102191588794672 54.375144298681235 90.24752191128435 62.579246336392906 0.6934178912736233
21.22773807798857 5.222271831272336 0.24601169526806088 54.375144298681235 89.24874557647487 45.61667331880653 0.5111183694981888
17.33271102549708 13.176798546573394 0.7602272101109757 55.04753289208858 94.5098954854128 79.714177746213 0.8434479515271133
17.960054413481707 14.440819266249202 0.8040520888071033 55.04753289208858 93.88255209742803 66.75692345142873 0.7110684782210728
8
20.495042493260346 19.333208887116204 0.9433114809824764 62.545039652767294 106.58059362664763 93.24244651117026 0.8748538860441989
21.951164636990747 7.097604363608804 0.3233361181961325 62.545039652767294 105.1244714829171 66.30341283097606 0.6307133999884172
20.999114493358487 12.757222092650304 0.6075123832809762 51.82769964522757 84.30160859535845 66.218966873812 0.7855006325164944
22.091870319823236 8.263242268242069 0.3740399589810821 51.82769964522757 83.20885276889331 51.854586551762374 0.6231859330615315
19.26711819057112 7.912062245931919 0.4106510463928071 63.253364025924554 109.24765316368787 75.30626925075003 0.6893170431580548
20.79691764629105 8.975786828443084 0.4315921705851366 63.253364025924554 107.7178537079686 71.07211207942235 0.6597988135941172
20.189255885157145 19.712961040683215 0.9764084992937211 61.63300831558144 105.03336418459597 96.98275287128101 0.9233518665634091
21.191448430485014 7.079159355693824 0.33405736181346063 61.63300831558144 104.03117163926761 72.61540692043721 0.6980158521354939
17.92703651740021 4.2794668648629415 0.2387158000548075 49.9308208132284 83.51971053169935 26.938391661660436 0.322539332214713
19.168767312055813 8.782384277713415 0.4581611396675419 49.9308208132284 82.27797973704375 43.584838408604696 0.5297266479791997
19.350177428365956 6.449357015078537 0.3332970479962756 47.42649502131208 77.00841563080792 37.28177132482737 0.48412593635951207
21.235646415385165 6.1553164391576605 0.2898577381990195 47.42649502131208 75.12294664378896 39.823881630246554 0.5301160751731392
18.953982394583587 15.372073991693183 0.811020801416699 48.1400414601448 78.8543558101553 57.988373031854444 0.7353857936708473
20.501905349599095 8.995961444678807 0.4387866050144807 48.1400414601448 77.3064328551392 49.82183259197176 0.6444720154832456
20.54384768430507 8.14382888946811 0.39641205555129627 53.20237275384844 87.54986203779981 58.038279801102604 0.662916861891164
21.5759010732838 12.812252856087419 0.5938223767605283 53.20237275384844 86.51780864882144 71.9990509481463 0.8321876394303138
18.639324889432004 17.531516677077946 0.9405660763506432 50.992715745939854 84.96492297533446 76.06846312877596 0.8952925567985136
19.637987543924357 4.639595165065805 0.23625614155668478 50.992715745939854 83.96626032084184 45.73845856482499 0.5447242546000579
19.96624449059645 11.618147591657506 0.5818894783708239 57.67674964956186 97.21826273391041 63.38369655153703 0.651973145467743
21.115050212150855 10.657524138543849 0.5047359126056388 57.67674964956186 96.06945701235558 66.1689721451359 0.6887618000862213
16
19.30980752659842 8.260679848354824 0.4277971096799436 51.449515157395155 85.22254072969695 45.54687156882176 0.5344462999910343
19.953487076349745 11.212375759132794 0.5619256281485996 51.449515157395155 84.57886117994563 61.75613492789298 0.7301603978386965
21.11308885777668 12.49815584024483 0.5919624515595845 57.89300231685228 96.51078886535066 72.74935500882104 0.7537950509379738
21.509772478954446 11.825382661702161 0.5497679100637782 57.89300231685228 96.1141052441736 70.00886028933907 0.7283931958944494
18.318973683696953 6.9465758918812766 0.37920115022947004 46.58922414533024 76.33849759570406 45.62709689495695 0.5976944573444763
19.10398402926233 1.2906417855568384 0.06755877640914644 46.58922414533024 75.55348725013845 22.651565307218362 0.29980833620855607
17.143965870970735 15.676533982495272 0.9144053424091205 38.011630629476 60.086013820663275 47.65578596014602 0.7931261025632796
17.79078888139691 9.032032621295642 0.5076802766593483 38.011630629476 59.439190810236916 39.620105625375686 0.6665653600814517
21.677671758068897 11.72581087512162 0.5409165248918866 59.7438198911777 99.70659722718153 76.85169620430797 0.7707784473799797
21.842638157113758 9.580845171827495 0.43863040274314047 59.7438198911777 99.5416308281359 68.5583165056996 0.6887401375216496
22.136654678059738 15.938348529250204 0.7199980647955425 79.96668301600076 140.33533621159316 119.44084879773608 0.8511102906943335
23.389165913891798 6.695842634306086 0.286279667216741 79.96668301600076 139.08282497576099 97.32321238957655 0.6997500403557219
20.029192350667913 17.76277947549871 0.8868445199642 58.70418330993466 99.24279913618392 74.51413031643304 0.7508265684262143
21.25107031741727 7.403009019252781 0.34835934890231446 58.70418330993466 98.02092116943435 64.60907551247118 0.6591355676079699
24.358283541093563 18.20665365506383 0.7474522424516634 76.74507484390085 131.56821772905496 115.49633239900541 0.8778437102253129
25.547218367241367 10.463491473958596 0.40957458943458597 76.74507484390085 130.37928290290702 64.64041998321488 0.49578750967170426
20.85637165179946 18.54815893549785 0.8893281748696465 65.72635497914759 112.68288925821386 74.6267504538036 0.6622722486534377
21.92727154877371 17.19293851231385 0.7840892777777166 65.72635497914759 111.61198936123967 102.68403639631455 0.9200090150169334
16.711698169788278 9.4173277100426 0.5635171012762438 40.65498369714583 65.8889036275871 50.921637134593084 0.7728408628926199
18.365793183426756 1.8550791221068101 0.10100729674887272 40.65498369714583 64.23480861394869 21.948649363215658 0.3416940104099489
4
2
18.907719921911063 9.489356637025042 0.5018773641780242 48.47809407506713 79.58745534171786 50.03382617424431 0.6286647306339718
20.156094575143218 9.28401571159173 0.46060588160967003 48.47809407506713 78.33908068848575 50.69064687228944 0.6470671652870179
20.350354192505574 7.47467423381814 0.3672994662948343 60.14970974119278 101.85857988483836 59.39615716980564 0.5831237509590171
21.232904149609023 7.760785519492398 0.36550749086461176 60.14970974119278 100.97602992773497 58.86502531941534 0.5829603853661407
17.8735161707668 21.404542316017046 1.1975563236418725 49.93078152785074 83.5731510604221 77.64932899262067 0.9291181199627305
19.42086246402984 12.057908649352608 0.620874004524029 49.93078152785074 82.0258047671586 61.894921547229444 0.7545786563499937
17.195856404029843 19.563085584927585 1.1376627674294246 48.211698325233954 80.7580703520008 75.59910669475543 0.936118289667411
19.143390831274516 14.827980345402212 0.7745743936428322 48.211698325233954 78.81053592475664 69.1318776724271 0.8771908078182578
23.136751820166317 11.245533918819078 0.4860463563004256 70.9279067535208 120.97074126635172 71.10476281066032 0.5877847987564433
24.33793292528369 12.962995956135025 0.5326251820945852 70.9279067535208 119.76956016123518 77.83011385841924 0.6498321756683705
17.847897122652913 6.830128013500682 0.38268530833426556 45.2540541430201 74.09684780284867 33.5568230385363 0.45287787582842626
19.401774443040853 3.943631908482156 0.20326140374736096 45.2540541430201 72.54297048246032 29.57729356824347 0.40772101516569087
19.882169570490582 9.451560006384428 0.47537870416378386 42.584730838988264 66.6391883245962 40.353669394137555 0.6055546354733017
20.76103933848021 13.864275559979346 0.6678025764481917 42.584730838988264 65.76031855660645 48.657489718581424 0.7399217459188109
18.297046436497663 17.835050837618088 0.974750263629543 52.78939210104155 88.95759148307872 54.16851803983569 0.6089251871228942
18.981888752106858 12.415376102282728 0.654064317014012 52.78939210104155 88.2727491674688 68.14291657677384 0.7719586986862145
17.742985486544082 15.058111590129725 0.8486796994535947 43.22837611054588 70.08609613488242 51.87476234687831 0.7401576804484024
18.79857885230486 13.02946761683679 0.6931091823060481 43.22837611054588 69.03050276912171 53.76754584152432 0.7788954691718583
20.718599674828564 14.094453914497713 0.6802802378396906 55.21679993243346 91.46791447360737 68.6326525891306 0.7503467525646299
21.62637288313465 14.95516902071825 0.6915246075490105 55.21679993243346 90.5601412653017 71.07126038303568 0.7847962623515339
4
15.487542089415687 17.692681112117103 1.1423814708602746 35.16172365690069 55.95215041984243 50.12241262040401 0.8958085121716608
16.198418411726006 6.095329633383127 0.37629165258323793 35.16172365690069 55.241274097532525 32.8401557247882 0.5944858488746384
20.642491750991997 11.23623651929618 0.5443255908655605 46.52422015132828 73.88290792154802 54.59098298149073 0.7388851429542774
22.067708251645183 2.857697611473987 0.12949680043286513 46.52422015132828 72.45769142089432 30.010431805169 0.41417869127024126
19.379849117784424 10.598105721980046 0.5468621379644498 56.4550546065164 95.32248405101029 71.05473178422018 0.7454141852429735
20.318477713356938 2.701474924571695 0.1329565611500414 56.4550546065164 94.38385545543755 47.518615835951806 0.5034612710686233
18.86896468981412 18.783474269500182 0.9954692574966719 60.54599439632936 104.14511916304536 50.93751731808786 0.4891013398173961
19.44830666053297 11.5169752191849 0.5921839582340935 60.54599439632936 103.56577719232672 83.67098475665674 0.8079018670547474
18.678195057134978 23.6964973694172 1.2686716942901428 45.28581910236777 73.33108819846952 67.00217510760395 0.9136939973707132
19.341282466035608 14.224208005773493 0.7354325149199393 45.28581910236777 72.66800078956904 55.84924033055853 0.7685534172363702
18.65344803223542 17.782143359774686 0.953289886622837 45.832589374162474 74.46673355336398 64.12614203098587 0.8611381078643945
19.651081940065556 13.328025724170827 0.6782336852912417 45.832589374162474 73.46909964553421 61.55332657767713 0.8378124527815501
18.465343602278182 13.699926534414306 0.7419264341619976 51.68796150865643 86.55146708197545 74.05456313762785 0.8556130315791018
19.33505683296672 12.691348572979964 0.6563905491780567 51.68796150865643 85.68175385128778 75.61430485275618 0.8825018332840734
22.80741498909937 20.98504036765342 0.9200972744032174 117.91514786701941 216.7662187724648 203.62951636103267 0.9393969111708247
24.216541468704865 14.256488763755868 0.5887087048404326 117.91514786701941 215.35709229286 188.76130807559562 0.8765037922173593
20.252574652386578 18.22329872478413 0.8998015826415771 50.034301225528424 81.40441831376634 68.48072443760401 0.841240879256098
20.884858917524458 17.766561229846683 0.85069098623112 50.034301225528424 80.77213404862852 70.73557895286393 0.8757423557767816
18.995341174846047 13.935012611615893 0.7336015964835036 50.59486116615062 83.80056722622133 63.216594530239504 0.7543695302155298
20.42380676390687 16.061990547176237 0.7864347098877339 50.59486116615062 82.37210163716162 68.26203475440776 0.8287033279191193
8
20.54032173854986 13.968093511792366 0.6800328490267606 109.89243015506268 202.73318714792677 189.82223922225975 0.9363155677306726
22.253852602032588 14.472385649600609 0.6503316935009605 109.89243015506268 201.0196562844436 190.69983995224374 0.9486626505937444
19.87456615498108 23.13484530010976 1.1640427831080766 60.42832013654493 102.9004334875227 95.45032867530031 0.9275988976943838
20.89141856676456 13.385309956836174 0.6407085241272416 60.42832013654493 101.88358107573926 88.4566264193542 0.8682127727096323
20.840664279090014 15.000527296376179 0.7197720329589783 62.341469001451884 105.82136797782829 89.06718773980177 0.8416748851561164
21.14246346063697 3.40062307779086 0.16084327562500644 62.341469001451884 105.5195687962816 52.432595850971545 0.49689926190088085
17.78684822595168 13.295482184214542 0.7474894942216875 54.522884351112424 92.98980569376953 62.740887471048275 0.6747071574454534
18.880902571955513 18.017431037009658 0.9542674651460571 54.522884351112424 91.89575134776521 81.49967920104103 0.8868710251099438
17.63639925779761 12.193658939146845 0.6913916361785495 45.74486959172481 75.30555800792943 61.154793403531926 0.8120887092702045
18.889859715960693 11.56767436407204 0.6123748158012055 45.74486959172481 74.05209754976597 58.50495462594803 0.7900512822966339
17.160068704851753 22.36590456712939 1.3033691736214184 47.05022116416744 78.4340314382186 72.98834181230207 0.930569811011104
18.148677932022927 9.34491960162217 0.5149091099982149 47.05022116416744 77.44542221104764 58.70322202470982 0.7579947316283823
20.339165304650475 17.28999648824049 0.8500838765633709 48.80874027646453 78.82779906657917 68.16688192845275 0.8647568844447624
20.78786104289676 15.69441334307101 0.754979711990802 48.80874027646453 78.37910332833287 56.117964230636204 0.7159811971254129
17.890632224457963 15.567718042662179 0.8701603077715627 36.73639583297205 56.7483942298347 44.843626705339034 0.7902184249252837
19.215467096660003 6.578388637593564 0.3423486197083914 36.73639583297205 55.423559357632705 32.06250016914118 0.5784994782137836
18.331059401235574 10.553422257310933 0.5757126212028748 50.486336145891755 84.24435372057569 61.669945798601255 0.7320365469613556
18.853561901386417 11.825547832719229 0.6272314958082071 50.486336145891755 83.72185122042482 71.41591325218931 0.8530140245485476
20.628760507416583 18.129424885188524 0.878842181461679 41.40590950883363 63.49753182799124 52.70126511436111 0.8299734430170264
21.309624100234004 7.537645673006553 0.35372025510876004 41.40590950883363 62.81666823517361 41.50991578338661 0.6608105292687828
16
19.62492330501784 10.244350673957447 0.5220071699000269 62.56942879284112 107.50026535345349 68.93452098123822 0.6412497751013567
20.174401892817965 5.3948743286746454 0.2674118597089714 62.56942879284112 106.95078676565281 50.330307221451896 0.4705931460956344
17.75401345889557 17.4181353216057 0.9810815656940047 46.770920786861325 77.27261925091817 60.6483488668112 0.7848620825169008
18.974598766886867 11.192144087221026 0.5898487880941529 46.770920786861325 76.05203394292667 60.51924178397894 0.7957609895008945
18.95150563781463 21.209434354020484 1.1191424448989702 53.627980885753544 90.00693171736725 76.12873651946474 0.8458097067292357
19.83816701322514 5.483143499724427 0.27639365552619266 53.627980885753544 89.12027034195678 52.40163448495675 0.5879878313192983
20.66782560386282 16.23959424109585 0.7857427555446698 50.64428532203431 82.22850012979448 65.27429939275505 0.7938160040584726
22.228435131323874 15.835163425176239 0.7123831853939928 50.64428532203431 80.66789060233242 56.17295526315843 0.6963483840190343
17.91859673415476 3.652806805796486 0.2038556288748798 49.022350078765214 81.68236850524099 44.03396593715257 0.5390877706285809
19.037126673381024 6.827214581809766 0.35862631472406137 49.022350078765214 80.56383856601457 44.61770199207304 0.5538179757350189
17.636301691986365 17.237265126831524 0.9773741359087684 55.84353773553645 95.8235845008491 82.63444264929956 0.8623601703040793
17.983499467602076 7.471568386424672 0.4154679905257023 55.84353773553645 95.47638672523438 70.41885246203995 0.7375525496654376
17.998235710403115 10.564687269881809 0.5869846044840573 50.783485532328214 85.18090949813629 64.44210538735673 0.7565322531425506
18.562755126998415 11.524978201438145 0.6208657132300235 50.783485532328214 84.61639008154101 66.12607801924526 0.7814807267897216
19.82414303032303 8.354634648676246 0.42143736735035603 58.581706627285655 99.19900694257487 57.168653459941915 0.5763026790483515
20.689890449811926 13.074832865605122 0.6319430688780653 58.581706627285655 98.33325952308569 71.35776327572614 0.7256727136048357
20.663682475129523 16.159261892389416 0.7820126887759936 87.90830977437669 157.9436770664615 137.47201958568203 0.8703863436573966
21.36381233298291 12.631470004124425 0.5912554279754227 87.90830977437669 157.2435472086074 125.89081009731821 0.8006103419322191
17.716993918276014 11.570115294641859 0.6530518296733553 46.46373283082456 76.68551088085974 54.04471930226173 0.7047578960023723
18.739903617351356 11.174574579086727 0.5962984019160131 46.46373283082456 75.66260118178457 61.12600880616901 0.8078761217752691
8
2
22.5058645813997 27.7907682303159 1.2348234003542342 52.45144187848198 84.06214431456343 78.77724066564728 0.9371309916965733
23.613659631685522 20.52278355072649 0.86910643546282 52.45144187848198 82.95434926427744 71.75327220391682 0.8649729982851649
22.758671790234793 15.423948224382228 0.6777174154337195 66.82002710083641 113.00265311305246 82.87407145255195 0.7333816434348789
24.26042750427709 6.5749516496326015 0.27101549008043835 66.82002710083641 111.50089739900989 39.91246794580386 0.35795647278941345
24.613698883935438 15.697309178108139 0.6377468600769006 57.921605368270754 93.06829297540887 60.608794268635144 0.6512292460832994
25.930662602523725 8.60800188443553 0.33196228019247565 57.921605368270754 91.75132925682078 48.17557736887642 0.5250668056702301
19.9910476135282 13.341616241051602 0.6673795440326579 49.572415371403466 80.72751060138722 64.3748473110323 0.7974338218962258
21.430363588948552 16.041321678282703 0.748532408780739 49.572415371403466 79.2881946259667 67.35328562425966 0.8494743251752842
19.647639014531208 13.54897070813712 0.6895979052809565 53.963025929342464 89.99152477841884 62.844856215849376 0.6983419424283431
20.193701718204526 5.804529560804324 0.28744257203579315 53.963025929342464 89.44546207474535 54.43927411993359 0.6086309227676778
21.231940635068163 23.034216531265617 1.0848851231818484 56.10456720539232 92.75829114731648 87.39693465616186 0.9422007841580453
22.260596790692457 14.059446982405627 0.6315844590601509 56.10456720539232 91.72963499169154 75.55077416137358 0.823624493526183
23.750747157769432 27.77679669125976 1.1695125423527282 61.55770420821104 101.31887409065875 92.5641100168662 0.9135919723509865
24.20090230102373 19.14114336583275 0.7909268475920856 61.55770420821104 100.86871894740491 81.49196029491765 0.8079012120438377
18.018754705952617 14.54638782079487 0.8072915169875403 58.62120772660074 101.08465146872817 88.32240244346391 0.8737469156807409
18.517771900185988 10.468010759750197 0.5652953722604748 58.62120772660074 100.58563427449518 78.68472448541723 0.7822660268830137
19.185622573126242 9.952081565401842 0.5187260161857848 45.60650362306953 73.47521018485608 49.274142300130094 0.6706226790799429
20.57125702081095 15.298614779354384 0.7436888647046465 45.60650362306953 72.08957573717193 54.958716492900244 0.7623670403231627
18.80731778897037 20.251745013181647 1.0768013408620323 43.857800892853625 70.30059513619278 62.73731433528302 0.8924151241357562
19.92649157865662 16.909960685213765 0.8486170592783188 43.857800892853625 69.18142134650597 62.073417117761196 0.8972555913076254
4
20.274851104823536 14.481942864953686 0.7142810958305053 76.51904000789061 135.19240478422498 98.84385728355254 0.7311346923764922
21.484306029908428 16.804493542535198 0.7821753013172297 76.51904000789061 133.98294985913927 120.14895850030018 0.8967481207617595
19.963883373048827 15.552577582585853 0.7790356861922856 59.0761202521433 100.06378952019426 82.44997238483629 0.8239741147140618
20.571217287654193 10.352436077313135 0.5032485891598717 59.0761202521433 99.45645560558987 75.23701079116456 0.7564819229988318
17.87083800448872 19.340581827025023 1.0822425799040392 46.59384564854177 76.7960229957234 70.69091627750298 0.9205023062384311
18.586052477731503 14.348883333735733 0.7720242558729216 46.59384564854177 76.08080852248067 61.10279785530247 0.803130237992247
19.391309681621284 8.30567046418273 0.4283192110564191 50.14953988841882 82.4998189805625 40.14533836906477 0.48661122975946497
20.072553338293616 11.873780857991646 0.5915431214891491 50.14953988841882 81.81857532388958 62.96175352753512 0.7695288420544204
21.58605997641845 14.98893250744465 0.6943801936907065 80.0241964882562 141.00278368226108 119.40784052760742 0.8468473983938062
22.663296785871996 19.87928947467361 0.8771578849492938 80.0241964882562 139.92554687280816 75.96097528589885 0.54286709599175
17.095607860495132 14.521150355795768 0.8494082500190899 54.56621149647134 93.76907581487518 69.46785487296137 0.7408397093526782
18.462496560665638 13.30590606189833 0.7206991762016938 54.56621149647134 92.4021871147053 82.4215996515888 0.8919875408281528
18.633509857324544 8.742436132427335 0.46917817412648205 52.32768240484479 87.68305121918515 55.471982952091444 0.632642023524315
19.28450730506984 9.074615774678945 0.4705650826917032 52.32768240484479 87.03205377144045 55.139803309839984 0.6335574184500528
20.409710900045514 18.216891660773452 0.8925600048912417 48.31295251008 77.74993864424401 65.14182956599495 0.8378376973911289
21.98998298565607 14.12546558523702 0.6423590957051205 48.31295251008 76.16966655863372 62.94432261459874 0.8263699377776007
19.2490020024502 13.800864396821973 0.7169651909779667 56.361956837981076 95.26418014455913 77.77643828303886 0.8164289889968779
19.769447131986794 14.238503342065016 0.7202276951401054 56.361956837981076 94.74373501502218 77.3387993377954 0.8162946006459727
18.696214862302696 11.87179975548979 0.6349841314365176 41.62731979800648 65.87992694952001 47.125418795661965 0.7153228756882419
19.45279408372505 19.52752682297161 1.0038417483331654 41.62731979800648 65.1233477280977 59.17626424141179 0.908679702531324
8
18.357436657226895 8.90190361704837 0.48492084070702207 58.92318567834796 101.35951202259109 78.81234993448612 0.7775525785574062
18.969008741298378 13.771981951149547 0.7260253890423845 58.92318567834796 100.74793993851935 87.51954806992781 0.8686981403623333
18.650721852781118 18.963351133288313 1.0167623153127758 42.64492396204388 67.99293318121273 55.725133062509535 0.8195724240046032
19.938861439643343 23.657674468888047 1.1865108015571437 42.64492396204388 66.70479359435105 60.731527406829464 0.9104522199132112
17.49579942645451 19.87262116238689 1.1358509936012702 45.89570475450796 75.75261658270396 70.72976139871167 0.9336939711051628
18.44927495971575 15.556399894455884 0.8431984415877317 45.89570475450796 74.79914104944281 66.4002553530919 0.887714142455203
21.78710205276917 19.655680612688343 0.902170493582926 64.6383931091159 109.54169664511677 79.6724569706976 0.7273253875993283
22.680485133702334 22.66290361624693 0.9992248173991094 64.6383931091159 108.64831356418378 96.8366913424786 0.8912857288417322
18.60508388738221 23.78235444409841 1.2782718201140375 54.67547081968448 92.48158698435849 87.3043164276421 0.9440183638112524
20.29573381292551 15.956254509137977 0.7861876124417883 54.67547081968448 90.79093705881434 82.68017529286246 0.9106655132252052
20.631604684186435 19.39274465234496 0.9399532876475174 52.26679602929323 85.56125074040936 70.66392288624121 0.8258869789156511
21.610239134663942 4.602055433126126 0.21295717296085775 52.26679602929323 84.5826162899317 48.26484818434347 0.5706237321733056
20.85583908128203 19.667377487735518 0.9430154025971005 54.55830037818794 89.99277121090961 80.7481958356478 0.8972742449102278
21.959199895331174 16.00957217663449 0.7290599044111048 54.55830037818794 88.88941039686014 63.00660683014579 0.7088201682162512
20.10020407269828 23.06945227221434 1.1477222912153977 62.456299596864106 106.79513479077183 101.4597123302456 0.9500405849856443
21.376986473655556 7.210583839207581 0.3373059082997371 62.456299596864106 105.5183523898147 64.99794313252058 0.6159870928651326
18.91686613111224 13.551269898451235 0.7163591371069491 45.3841096005212 73.29211845407349 60.02584284031998 0.8189945127310455
19.725162293737938 7.813459632859201 0.39611636733350003 45.3841096005212 72.48382229144819 43.2905721639616 0.5972446098371542
18.617229282935725 23.20854647612905 1.2466165680948915 43.67733122635058 70.12401511345958 63.789885908749454 0.9096724682056269
19.981224175940245 18.52196412227269 0.9269684359267297 43.67733122635058 68.76002022045492 59.89167022296454 0.8710246162078324
16
19.952192471033737 24.53873319153132 1.2298765274621448 65.53211716618453 113.19242653327797 108.6058858127809 0.9594801449092651
20.94619927324868 21.076629448133215 1.0062269136841027 65.53211716618453 112.19841973106271 105.63067407390162 0.9414631179930711
19.781916734003577 13.336349959807283 0.6741687440673094 59.84724954116394 101.81249503217093 80.52676724354 0.7909320679951412
20.412584537305182 17.554426088669686 0.8599805701521017 59.84724954116394 101.18182722886944 84.90212263868986 0.8391044613836088
17.93741353739362 21.508435596985606 1.1990823287954853 46.81231334621629 77.17331834063347 70.78055125457458 0.9171635064616243
18.627856071405965 7.992029036379849 0.4290364390697506 46.81231334621629 76.48287580662148 42.28497535842921 0.5528685331516836
22.01765434165058 15.496030695959682 0.7038002529927083 63.222712368952585 106.43484063018926 88.40657385887368 0.8306168669528499
22.92264304135541 23.94893990952514 1.0447721873222977 63.222712368952585 105.52985193048461 98.10844544320767 0.9296748137942463
18.878011360904182 20.890380850710745 1.1065985951239612 55.20437731948601 93.28326319297217 83.1586987656843 0.8914642983024351
20.07737937649982 13.203925376501765 0.6576518343801732 55.20437731948601 92.08389517737633 62.806498342142014 0.6820573589025658
16.2832508561061 5.80289057849999 0.3563717484782191 38.102535574726495 61.13142459730661 39.93333671960711 0.6532374630995682
17.816422616534993 7.945501919936878 0.4459650565631985 38.102535574726495 59.5982528368784 41.70468681814885 0.6997635808602545
20.463244040787938 21.349224532183655 1.0432961894814798 59.24647418296013 99.91054477538444 86.86527148112681 0.8694304657873143
21.865487178380103 21.823464160608726 0.9980781119840344 59.24647418296013 98.50830163779217 85.56176128063551 0.8685741187097089
20.06188992927007 27.33703876666835 1.3626352683145728 71.34294158042813 124.88884851985411 117.43050502725234 0.9402801484600438
20.41612977128052 14.385048261695506 0.7045923210152705 71.34294158042813 124.53460867784266 102.09022178806927 0.8197738995765061
16.3098015472156 16.124966359757007 0.9886672325887284 47.57386568937104 80.34821128198286 67.17064542735868 0.8359942848213836
17.114587188757493 18.75881418641411 1.0960716714649539 47.57386568937104 79.54342564044082 74.65159702676776 0.9385011573956403
21.840363266461154 26.512659508695425 1.2139294198191848 56.51125468295345 92.97615418461918 87.50667159580473 0.9411732756986926
23.17126103463374 7.295342056440803 0.3148444120299091 56.51125468295345 91.6452564164463 40.28350071224868 0.4395590376134248
0.3333333333333333
1
2
19.445107442561063 4.393630910993112 0.22595045689366675 48.05502390849794 78.19049668899063 41.33057549510022 0.5285882203753751
20.235625926736727 2.101761710313867 0.10386442791161068 48.05502390849794 77.39997820481466 24.988410658291205 0.3228477738348614
20.55652725454287 10.624333771959519 0.5168350490529281 53.4695191911921 88.07995618153018 69.60657827048267 0.7902658140181811
21.487082319660814 6.810723408392464 0.3169682745693495 53.4695191911921 87.14940111641192 56.9125059013565 0.6530452897241857
19.68874170250443 9.845524349579957 0.5000585866961521 46.351557544347884 74.48585140347309 57.590505036043 0.7731737497915973
20.998902348645334 4.387141873300948 0.2089224379665715 46.351557544347884 73.17569075733093 39.33369688533319 0.5375240941117134
17.755244440305624 9.84672687414781 0.5545813186212781 43.54435137491831 70.71581867063921 54.768039490987825 0.7744807388297577
18.47242892265863 2.4304305599132427 0.1315707084373745 43.54435137491831 69.99863418828681 25.388867228621347 0.3627051802229275
19.24665436699573 2.080792622143552 0.10811191298326148 52.97258633906919 88.38018771873152 29.218412554415007 0.3305991230455645
20.694864031223467 1.4039106197284945 0.06783860080502767 52.97258633906919 86.93197805450417 23.68594951636001 0.27246532342229135
18.726404623821548 9.451329633495615 0.504706046000562 51.4335969484335 85.77360187458298 60.820707241940596 0.709084216037375
19.789617979190087 5.772259575289635 0.29168120280843696 51.4335969484335 84.71038851921476 45.81375859272474 0.5408281014120583
20.643660416134832 4.953594292729999 0.23995716810272322 64.77503964161484 110.96276933190794 46.84996305469905 0.4222133544140656
21.127254501198568 1.4667205619055361 0.06942315016948027 64.77503964161484 110.47917524684436 38.74542896837691 0.3507034595597563
21.001982056284273 10.375352687858388 0.49401778651428974 70.20333247130466 121.63336010763568 92.72095506985353 0.7622987228816419
22.53389772882494 2.9007263633040363 0.12872723566120928 70.20333247130466 120.1014444350959 46.248524091185956 0.3850788332206875
18.307338455507285 6.037035738261085 0.3297604265597111 50.102394502340104 83.48800275559614 53.31457033890261 0.6385896006516814
18.95431870015367 2.6115918604571298 0.1377834730844721 50.102394502340104 82.84102251094997 39.016066774875505 0.47097519552849965
16.837772640915833 2.7565538838510797 0.1637125018039884 41.047455906585675 66.56023301055995 24.987008296904726 0.3754044594907063
17.741241171371012 2.176547265727149 0.12268291968430241 41.047455906585675 65.65676448010517 28.32969766334322 0.43148178085941896
4
23.19296515687239 7.698110319694597 0.3319157454696362 59.56952996867277 97.83719096995424 66.907517860335 0.6838658918660316
24.999172303874733 12.167984667201267 0.48673550145159394 59.56952996867277 96.03098382295137 80.72029074696354 0.8405650711210503
21.382737992040944 7.319329366993547 0.3423008489239282 67.44018914222713 115.6385986778812 86.26010403026868 0.745945601351948
22.95166049168282 6.183489223408329 0.2694135888620821 67.44018914222713 114.06967617824064 81.55475021631187 0.714955568812852
22.32850190158595 8.819610280713595 0.3949933730254942 89.71118145874603 159.9418350304709 109.88852453964395 0.6870530434936477
22.79921802114049 7.013062984737615 0.30760103167726094 89.71118145874603 159.4711189109143 122.23551358854881 0.7665056495705251
18.007970082403876 12.992647391200618 0.7214942790190506 48.03087036861824 79.57856019034439 69.54078769152353 0.8738633562254525
18.695515174580716 7.687865142278544 0.41121440465739717 48.03087036861824 78.89101509816706 55.57094735558571 0.7044014744446714
18.739848031247497 7.283591610476528 0.38866865933659683 55.7746406025297 94.58005668500323 53.622034109228125 0.5669486357765159
19.36357446533771 5.8735298983553 0.3033288047549987 55.7746406025297 93.9563302509135 70.10200573651876 0.7461126413655049
19.885753590462283 6.874942021353634 0.3457219757892923 51.676603923809644 85.10798136584904 57.644777334489554 0.6773134130240394
21.118252716760868 8.484652604378898 0.40176868409406363 51.676603923809644 83.87548223955137 49.61469282260377 0.5915279590393583
19.92411624590412 10.515719481996822 0.5277885027476981 48.07836985625978 77.75892092236985 63.24307602434576 0.8133224493622295
21.533326536591478 1.2141511648582717 0.0563847468153641 48.07836985625978 76.1497106316822 16.43136827954604 0.21577715979802745
18.31451183886074 2.4105515917458487 0.13161975666918993 52.86765142720412 89.0991291560935 42.65791744552194 0.4787691849466809
19.24173528038394 2.6286107848964138 0.13660986114782284 52.86765142720412 88.17190571456953 32.204591915987514 0.36524776974017503
20.138109006849753 13.066698609300925 0.6488542993215716 70.35553386351677 122.80646773172421 85.11633359105991 0.6930932479631289
22.722433344677697 5.129559054991384 0.2257486677232519 70.35553386351677 120.2221433938969 69.09984701990267 0.5747680507866452
20.724353593999652 6.432893444187297 0.3104026099057594 51.63573689126412 84.18634993110878 55.17617617096905 0.6554052553189528
21.778622807458135 6.6697920119667105 0.30625407634511337 51.63573689126412 83.13208071764925 50.003122172841536 0.6014900835054606
8
21.306300876610337 6.028379367755225 0.2829388077577121 68.2410656003279 117.34221335897584 71.5459886694061 0.6097208039747049
21.755148620306358 2.228507530433483 0.10243586791006261 68.2410656003279 116.89336561528009 52.992922709101705 0.45334414344362556
20.164739888793456 6.986018172932388 0.34644722478244633 61.22621574636758 104.23138099271506 43.022030144263816 0.41275506219447206
21.636088613331122 1.6805213724199546 0.07767214317030009 61.22621574636758 102.76003226817635 23.06280930118261 0.2244336518014593
16.777996416141583 6.861643491693891 0.4089667992235664 49.675884897297685 84.15078559741585 60.90928415117842 0.7238112362084574
17.93756251422972 6.6277814266973305 0.36949175348877894 49.675884897297685 82.99121949932739 53.6384373582595 0.6463146063143972
19.403222366448862 3.3856423906000894 0.17448866619466172 55.28865298544072 92.92927893730398 41.83838093134203 0.450217427809473
20.307081870762126 4.936271636690752 0.24308128898608186 55.28865298544072 92.02541943299035 45.88569469470075 0.4986197832883891
20.437449027413226 8.03672464250664 0.3932352140292457 61.682335730790996 104.88539182244794 73.77113224682944 0.7033499228539916
22.190054135366584 3.1601668540912446 0.14241366131029667 61.682335730790996 103.13278671449432 44.406319132928736 0.4305742193882545
20.71620654937629 4.3342012426759515 0.20921790060094 53.296650671018185 87.56905195681946 40.65203465334755 0.46422832890086757
22.477498660061865 3.61233468849273 0.16070892687499722 53.296650671018185 85.80775984613372 46.791235994171814 0.5453030830553737
21.470947165133474 8.146480165119252 0.3794187607311645 104.2836208030566 190.4068855775839 150.39216786938124 0.789846267445522
22.70516993970532 4.221302841434645 0.1859181346206401 104.2836208030566 189.172662803012 134.04886920082538 0.7086059223071371
18.984601501526438 5.116917382461265 0.26952988094323943 47.26953631743241 77.05509133389127 43.70081944686725 0.567137338887901
19.967720344503324 3.258582180221053 0.16319249889324844 47.26953631743241 76.07197249091531 31.151071194382162 0.40949472156913364
20.741383250137435 9.640271673451771 0.4647844146743633 62.73486977457327 106.71993946645561 77.83978713152146 0.7293837264215108
21.439915732635736 5.555510666187947 0.2591199860795803 62.73486977457327 106.0214069839573 54.05722605154811 0.509870860888762
18.823707748403628 2.051150740743961 0.10896635074022078 43.252164011625624 69.05370484664512 25.69737032290922 0.37213601181831
20.418552907393686 1.2702222834062327 0.06220922164108296 43.252164011625624 67.45885968765504 23.84807434715939 0.3535202708373617
16
18.48317777776352 8.2438410693627 0.44601859964148505 47.54122589286751 78.10851927441146 59.35006003032255 0.7598410593576029
20.115825256199436 4.661081668384512 0.2317121773041863 47.54122589286751 76.47587179597556 48.40512767036691 0.6329463990878514
19.979214339683693 8.131048808343973 0.4069754030414342 54.863516746315824 91.4895180972758 59.96414734533832 0.6554209552353497
20.891033000150554 5.444737546739168 0.2606255778112997 54.863516746315824 90.577699436809 57.941236344996554 0.6396854491255756
20.144708696895368 2.8190103528264148 0.1399380053215101 61.456827063594254 104.7199558132643 29.47512179417499 0.2814661404817126
21.87835791209087 3.3472406825772048 0.1529932317602037 61.456827063594254 102.98630659806892 44.372912335004315 0.4308622553887795
17.107298702565938 4.456197645922953 0.2604851720543445 41.19035337547926 66.58103831428107 39.78249493501873 0.5975048743943322
17.774871472391176 2.929177594947928 0.16479318005183183 41.19035337547926 65.91346554445576 36.01494070327183 0.5463973166299582
17.618168199638987 8.13065205958121 0.4614924756903964 62.16016625784834 108.67550292741771 85.41980286944107 0.786007891092911
18.581478292508557 3.0141730292026643 0.16221384443980866 62.16016625784834 107.71219283454877 43.83388587808129 0.40695379719371505
19.448112147020773 5.253500453530959 0.2701290703085407 52.957750248967024 88.14858677151518 56.99081237792649 0.6465312090101802
20.509288119807817 6.013160203326724 0.2931920488024755 52.957750248967024 87.0874107987285 58.63155209103952 0.6732494576804614
19.86376836674787 5.2004430516492 0.2618054618656745 54.687368756943094 91.24707609180338 49.44474815215531 0.5418776170143701
20.82205828066677 3.619169448096857 0.17381420219427812 54.687368756943094 90.28878617788439 45.980230448011994 0.5092573772940424
19.297593617659935 4.38563766050472 0.2272634478368983 55.01843957923548 92.4859026703103 43.617703270492065 0.4716146138074529
20.11112701755155 5.38430979051899 0.2677278993772925 55.01843957923548 91.67236927041857 51.61700894264289 0.5630596149465834
19.142116518194506 6.461703549800725 0.3375647381343072 52.5790955849203 87.68525228926227 52.336814291838266 0.5968713429618234
20.559069706884774 4.506037433015182 0.21917516197273315 52.5790955849203 86.26829910057239 51.82489504238517 0.6007408930361224
20.138822562214322 12.357207886212517 0.6136013090158438 53.71269830120167 88.99173906562417 71.46100805991775 0.8030072095480802
20.605778286057078 7.193845447979515 0.3491178711190559 53.71269830120167 88.524783341782 54.325947436320675 0.6136806596473179
2
2
18.21131047419315 8.52378848989523 0.4680491556043758 48.93414323228319 81.21044085489005 63.73020148372653 0.7847537928971733
19.013569204197893 4.306982714704117 0.2265215262031499 48.93414323228319 80.40818212488597 50.41022307933295 0.6269290232309731
16.901703928272145 14.031176368567257 0.8301634218723212 50.63650843308892 85.97882114213125 80.38109870346098 0.9348941708631163
17.521018221616618 7.802767913480125 0.4453375833976037 50.63650843308892 85.35950684878686 63.80619754044743 0.7474996036877203
19.04034554041838 16.821295383134466 0.8834553631091743 59.510725776907094 101.87033540313837 97.70541145690797 0.9591154389572955
20.532021264221274 6.592999002654079 0.32110813240501157 59.510725776907094 100.37865967933635 55.856526279389485 0.5564581800337381
19.809906830142747 11.050858560392902 0.557845054757043 45.82814798481679 73.30125098027855 59.985154625811035 0.8183373929313953
20.538564694765142 9.391540005409167 0.45726369612394957 45.82814798481679 72.57259311565645 54.296331953874734 0.7481657967952797
22.571978876221714 10.493085887239477 0.46487221810637713 58.32931876303596 95.93838305502541 60.486234695717755 0.6304696073627373
24.159607564034594 12.551308260050783 0.5195162308321347 58.32931876303596 94.35075436721343 75.80010230874711 0.8033862878693357
